

*******************************************************************************
Mon Jun 29 22:54:29 2026


FIT:    data read from "outtimes.txt" using 1:3
        format = x:z
        #datapoints = 8
        residuals are weighted equally (unit weight)

function used for fitting: f(x)
	f(x) = a * x**b
fitted parameters initialized with current variable values

 438 1.1273883791e-02  -3.25e-02  1.67e-07    7.821737e-08   2.795840e+00

After 438 iterations the fit converged.
final sum of squares of residuals : 0.0112739
rel. change during last iteration : -3.25013e-07

degrees of freedom    (FIT_NDF)                        : 6
rms of residuals      (FIT_STDFIT) = sqrt(WSSR/ndf)    : 0.0433472
variance of residuals (reduced chisquare) = WSSR/ndf   : 0.00187898

Final set of parameters            Asymptotic Standard Error
=======================            ==========================
a               = 7.82174e-08      +/- 1.1e-08      (14.06%)
b               = 2.79584          +/- 0.02115      (0.7564%)

correlation matrix of the fit parameters:
                a      b      
a               1.000 
b              -1.000  1.000 
